Using pre-set license
Built from '2020.3/staging' branch; Version is '2020.3.26f1 (7298b473bc1a) revision 7510196'; Using compiler version '192528614'; Build Type 'Release'
OS: 'Windows 10  (10.0.19044) 64bit Core' Language: 'en' Physical Memory: 32530 MB
BatchMode: 1, IsHumanControllingUs: 0, StartBugReporterOnCrash: 0, Is64bit: 1, IsPro: 0

COMMAND LINE ARGUMENTS:
C:\Program Files\Unity\Hub\Editor\2020.3.26f1\Editor\Unity.exe
-adb2
-batchMode
-noUpm
-name
AssetImportWorker0
-projectPath
C:/Users/ferre/Desktop/Github/CAP6121-FinalProject
-logFile
Logs/AssetImportWorker0.log
-srvPort
51819
Successfully changed project path to: C:/Users/ferre/Desktop/Github/CAP6121-FinalProject
C:/Users/ferre/Desktop/Github/CAP6121-FinalProject
Using Asset Import Pipeline V2.
Refreshing native plugins compatible for Editor in 84.22 ms, found 11 plugins.
Preloading 1 native plugins for Editor in 0.75 ms.
Initialize engine version: 2020.3.26f1 (7298b473bc1a)
[Subsystems] Discovering subsystems at path C:/Program Files/Unity/Hub/Editor/2020.3.26f1/Editor/Data/Resources/UnitySubsystems
[Subsystems] Discovering subsystems at path C:/Users/ferre/Desktop/Github/CAP6121-FinalProject/Assets
GfxDevice: creating device client; threaded=0
Direct3D:
    Version:  Direct3D 11.0 [level 11.1]
    Renderer: NVIDIA GeForce RTX 3080 Laptop GPU (ID=0x24dc)
    Vendor:   
    VRAM:     8041 MB
    Driver:   30.0.14.7135
Shader 'Oculus/OVRMRCameraFrameLit': fallback shader 'Alpha-Diffuse' not found
Initialize mono
Mono path[0] = 'C:/Program Files/Unity/Hub/Editor/2020.3.26f1/Editor/Data/Managed'
Mono path[1] = 'C:/Program Files/Unity/Hub/Editor/2020.3.26f1/Editor/Data/MonoBleedingEdge/lib/mono/unityjit'
Mono config path = 'C:/Program Files/Unity/Hub/Editor/2020.3.26f1/Editor/Data/MonoBleedingEdge/etc'
Using monoOptions --debugger-agent=transport=dt_socket,embedding=1,server=y,suspend=n,address=127.0.0.1:56848
Begin MonoManager ReloadAssembly
Registering precompiled unity dll's ...
Register platform support module: C:/Program Files/Unity/Hub/Editor/2020.3.26f1/Editor/Data/PlaybackEngines/WindowsStandaloneSupport/UnityEditor.WindowsStandalone.Extensions.dll
Registered in 0.001556 seconds.
Native extension for WindowsStandalone target not found
Refreshing native plugins compatible for Editor in 59.28 ms, found 11 plugins.
Preloading 1 native plugins for Editor in 0.06 ms.
Mono: successfully reloaded assembly
- Completed reload, in  0.529 seconds
Domain Reload Profiling:
	ReloadAssembly (529ms)
		BeginReloadAssembly (45ms)
			ExecutionOrderSort (0ms)
			DisableScriptedObjects (0ms)
			BackupInstance (0ms)
			ReleaseScriptingObjects (0ms)
			CreateAndSetChildDomain (1ms)
		EndReloadAssembly (423ms)
			LoadAssemblies (43ms)
			RebuildTransferFunctionScriptingTraits (0ms)
			SetupTypeCache (132ms)
			ReleaseScriptCaches (0ms)
			RebuildScriptCaches (25ms)
			SetupLoadedEditorAssemblies (170ms)
				LogAssemblyErrors (0ms)
				InitializePlatformSupportModulesInManaged (4ms)
				SetLoadedEditorAssemblies (0ms)
				RefreshPlugins (59ms)
				BeforeProcessingInitializeOnLoad (14ms)
				ProcessInitializeOnLoadAttributes (70ms)
				ProcessInitializeOnLoadMethodAttributes (23ms)
				AfterProcessingInitializeOnLoad (0ms)
				EditorAssembliesLoaded (0ms)
			ExecutionOrderSort2 (0ms)
			AwakeInstancesAfterBackupRestoration (0ms)
Platform modules already initialized, skipping
Registering precompiled user dll's ...
Registered in 0.011475 seconds.
Begin MonoManager ReloadAssembly
Native extension for WindowsStandalone target not found
Refreshing native plugins compatible for Editor in 1.09 ms, found 11 plugins.
Preloading 1 native plugins for Editor in 0.06 ms.
[XR] OculusXRPlugin: registering subsystems
[XR] Unable to register display lifecyle provider: [1]
[XR] Oculus Input lifecycle provider registered.
[XR] Unable to register input lifecyle provider: [1]
[XR] OVRP version 1.70.0
Mono: successfully reloaded assembly
- Completed reload, in  0.952 seconds
Domain Reload Profiling:
	ReloadAssembly (953ms)
		BeginReloadAssembly (123ms)
			ExecutionOrderSort (0ms)
			DisableScriptedObjects (5ms)
			BackupInstance (0ms)
			ReleaseScriptingObjects (0ms)
			CreateAndSetChildDomain (14ms)
		EndReloadAssembly (777ms)
			LoadAssemblies (78ms)
			RebuildTransferFunctionScriptingTraits (0ms)
			SetupTypeCache (276ms)
			ReleaseScriptCaches (0ms)
			RebuildScriptCaches (52ms)
			SetupLoadedEditorAssemblies (276ms)
				LogAssemblyErrors (0ms)
				InitializePlatformSupportModulesInManaged (4ms)
				SetLoadedEditorAssemblies (0ms)
				RefreshPlugins (1ms)
				BeforeProcessingInitializeOnLoad (77ms)
				ProcessInitializeOnLoadAttributes (174ms)
				ProcessInitializeOnLoadMethodAttributes (14ms)
				AfterProcessingInitializeOnLoad (5ms)
				EditorAssembliesLoaded (0ms)
			ExecutionOrderSort2 (0ms)
			AwakeInstancesAfterBackupRestoration (6ms)
Platform modules already initialized, skipping
========================================================================
Worker process is ready to serve import requests
Shader 'Oculus/OVRMRCameraFrameLit': fallback shader 'Alpha-Diffuse' not found
Launched and connected shader compiler UnityShaderCompiler.exe after 0.06 seconds
Refreshing native plugins compatible for Editor in 1.08 ms, found 11 plugins.
Preloading 1 native plugins for Editor in 0.07 ms.
Unloading 2728 Unused Serialized files (Serialized files now loaded: 0)
System memory in use before: 123.1 MB.
System memory in use after: 123.3 MB.

Unloading 102 unused Assets to reduce memory usage. Loaded Objects now: 3085.
Total: 2.501800 ms (FindLiveObjects: 0.191200 ms CreateObjectMapping: 0.124200 ms MarkObjects: 2.114900 ms  DeleteObjects: 0.070800 ms)

AssetImportParameters requested are different than current active one (requested -> active):
  custom:framework-win-MediaFoundation: 216162199b28c13a410421893ffa2e32 -> 
  custom:video-decoder-ogg-theora: a1e56fd34408186e4bbccfd4996cb3dc -> 
  custom:container-muxer-webm: aa71ff27fc2769a1b78a27578f13a17b -> 
  custom:container-demuxer-webm: 4f35f7cbe854078d1ac9338744f61a02 -> 
  custom:container-demuxer-ogg: 62fdf1f143b41e24485cea50d1cbac27 -> 
  custom:video-encoder-webm-vp8: eb34c28f22e8b96e1ab97ce403110664 -> 
  custom:video-codec-MediaFoundation-h265: 746d11721c4dcdbdad8f713fa42b33f4 -> 
  custom:video-decoder-webm-vp8: 9c59270c3fd7afecdb556c50c9e8de78 -> 
  custom:audio-decoder-ogg-vorbis: bf7c407c2cedff20999df2af8eb42d56 -> 
  custom:audio-encoder-webm-vorbis: bf7c407c2cedff20999df2af8eb42d56 -> 
========================================================================
Received Import Request.
  path: Assets/Resources/OVRPlatformToolSettings.asset
  artifactKey: Guid(33a721c4d45ec6b4ebd1f6cc15254250) Importer(815301076,1909f56bfc062723c751e8b465ee728b)
Start importing Assets/Resources/OVRPlatformToolSettings.asset using Guid(33a721c4d45ec6b4ebd1f6cc15254250) Importer(815301076,1909f56bfc062723c751e8b465ee728b)  -> (artifact id: '7fbdb00e13b3a26abe59a3afec39710f') in 0.025195 seconds 
  Import took 0.028988 seconds .

========================================================================
Received Import Request.
  Time since last request: 0.000130 seconds.
  path: Assets/Resources/OculusRuntimeSettings.asset
  artifactKey: Guid(1c462a7811572364f9665a1b7631c8cd) Importer(815301076,1909f56bfc062723c751e8b465ee728b)
Start importing Assets/Resources/OculusRuntimeSettings.asset using Guid(1c462a7811572364f9665a1b7631c8cd) Importer(815301076,1909f56bfc062723c751e8b465ee728b)  -> (artifact id: 'e98c4fba1167d3099fd438a6bed0df33') in 0.006003 seconds 
  Import took 0.009757 seconds .

========================================================================
Received Import Request.
  Time since last request: 0.000255 seconds.
  path: Assets/Resources
  artifactKey: Guid(065d0abacc071214889669d4599f0d87) Importer(815301076,1909f56bfc062723c751e8b465ee728b)
Start importing Assets/Resources using Guid(065d0abacc071214889669d4599f0d87) Importer(815301076,1909f56bfc062723c751e8b465ee728b)  -> (artifact id: 'e92da8b3813d7bb1e146a9f9aa61f7f5') in 0.005551 seconds 
  Import took 0.009673 seconds .

========================================================================
Received Import Request.
  Time since last request: 0.000163 seconds.
  path: Assets/Resources/ONSPSettings.asset
  artifactKey: Guid(bf38996fefc0ec844a700961c158d1dd) Importer(815301076,1909f56bfc062723c751e8b465ee728b)
Start importing Assets/Resources/ONSPSettings.asset using Guid(bf38996fefc0ec844a700961c158d1dd) Importer(815301076,1909f56bfc062723c751e8b465ee728b)  -> (artifact id: '9800895ea6944db7e5dee893ea344b9d') in 0.004956 seconds 
  Import took 0.008741 seconds .

========================================================================
Received Import Request.
  Time since last request: 6.181414 seconds.
  path: Assets
  artifactKey: Guid(00000000000000001000000000000000) Importer(815301076,1909f56bfc062723c751e8b465ee728b)
Start importing Assets using Guid(00000000000000001000000000000000) Importer(815301076,1909f56bfc062723c751e8b465ee728b)  -> (artifact id: '42d402b061de3733987d63b9cc3b64de') in 0.004856 seconds 
  Import took 0.008771 seconds .

========================================================================
Received Import Request.
  Time since last request: 27.435777 seconds.
  path: Assets/Kaike
  artifactKey: Guid(164720088bfc80b488b1095a2b79163f) Importer(815301076,1909f56bfc062723c751e8b465ee728b)
Start importing Assets/Kaike using Guid(164720088bfc80b488b1095a2b79163f) Importer(815301076,1909f56bfc062723c751e8b465ee728b)  -> (artifact id: '6cb1db471ca484b34ae0ee1db0554dbe') in 0.007222 seconds 
  Import took 0.010648 seconds .

========================================================================
Received Import Request.
  Time since last request: 4.870305 seconds.
  path: Assets/Sven
  artifactKey: Guid(fc48edc1abb7c7c4c8fdf782ee03d394) Importer(815301076,1909f56bfc062723c751e8b465ee728b)
Start importing Assets/Sven using Guid(fc48edc1abb7c7c4c8fdf782ee03d394) Importer(815301076,1909f56bfc062723c751e8b465ee728b)  -> (artifact id: '46c5e031d2e72550ccbbba30c62d0028') in 0.008399 seconds 
  Import took 0.011988 seconds .

========================================================================
Received Import Request.
  Time since last request: 16.736110 seconds.
  path: Assets/VoiceRecognition.cs
  artifactKey: Guid(414915ff1ef60e24bab70c01ce1ff14d) Importer(815301076,1909f56bfc062723c751e8b465ee728b)
Start importing Assets/VoiceRecognition.cs using Guid(414915ff1ef60e24bab70c01ce1ff14d) Importer(815301076,1909f56bfc062723c751e8b465ee728b)  -> (artifact id: 'e7ed5f015d966d563c6c69799a58517d') in 0.010135 seconds 
  Import took 0.014416 seconds .

========================================================================
Received Prepare
Registering precompiled user dll's ...
Registered in 0.017744 seconds.
Begin MonoManager ReloadAssembly
Native extension for WindowsStandalone target not found
Refreshing native plugins compatible for Editor in 1.79 ms, found 11 plugins.
Preloading 1 native plugins for Editor in 0.08 ms.
Mono: successfully reloaded assembly
- Completed reload, in  1.184 seconds
Domain Reload Profiling:
	ReloadAssembly (1184ms)
		BeginReloadAssembly (123ms)
			ExecutionOrderSort (0ms)
			DisableScriptedObjects (4ms)
			BackupInstance (0ms)
			ReleaseScriptingObjects (0ms)
			CreateAndSetChildDomain (35ms)
		EndReloadAssembly (986ms)
			LoadAssemblies (98ms)
			RebuildTransferFunctionScriptingTraits (0ms)
			SetupTypeCache (387ms)
			ReleaseScriptCaches (1ms)
			RebuildScriptCaches (39ms)
			SetupLoadedEditorAssemblies (333ms)
				LogAssemblyErrors (0ms)
				InitializePlatformSupportModulesInManaged (5ms)
				SetLoadedEditorAssemblies (0ms)
				RefreshPlugins (2ms)
				BeforeProcessingInitializeOnLoad (97ms)
				ProcessInitializeOnLoadAttributes (211ms)
				ProcessInitializeOnLoadMethodAttributes (12ms)
				AfterProcessingInitializeOnLoad (6ms)
				EditorAssembliesLoaded (0ms)
			ExecutionOrderSort2 (0ms)
			AwakeInstancesAfterBackupRestoration (7ms)
Platform modules already initialized, skipping
Shader 'Oculus/OVRMRCameraFrameLit': fallback shader 'Alpha-Diffuse' not found
Refreshing native plugins compatible for Editor in 1.66 ms, found 11 plugins.
Preloading 1 native plugins for Editor in 0.11 ms.
Unloading 2635 Unused Serialized files (Serialized files now loaded: 0)
System memory in use before: 115.0 MB.
System memory in use after: 115.2 MB.

Unloading 97 unused Assets to reduce memory usage. Loaded Objects now: 3088.
Total: 2.706700 ms (FindLiveObjects: 0.215300 ms CreateObjectMapping: 0.132200 ms MarkObjects: 2.321600 ms  DeleteObjects: 0.036700 ms)

AssetImportParameters requested are different than current active one (requested -> active):
  custom:framework-win-MediaFoundation: 216162199b28c13a410421893ffa2e32 -> 
  custom:video-decoder-ogg-theora: a1e56fd34408186e4bbccfd4996cb3dc -> 
  custom:container-muxer-webm: aa71ff27fc2769a1b78a27578f13a17b -> 
  custom:container-demuxer-webm: 4f35f7cbe854078d1ac9338744f61a02 -> 
  custom:container-demuxer-ogg: 62fdf1f143b41e24485cea50d1cbac27 -> 
  custom:video-encoder-webm-vp8: eb34c28f22e8b96e1ab97ce403110664 -> 
  custom:video-codec-MediaFoundation-h265: 746d11721c4dcdbdad8f713fa42b33f4 -> 
  custom:video-decoder-webm-vp8: 9c59270c3fd7afecdb556c50c9e8de78 -> 
  custom:audio-decoder-ogg-vorbis: bf7c407c2cedff20999df2af8eb42d56 -> 
  custom:audio-encoder-webm-vorbis: bf7c407c2cedff20999df2af8eb42d56 -> 
========================================================================
Received Import Request.
  Time since last request: 23.843986 seconds.
  path: Assets/VoiceRecognition.cs
  artifactKey: Guid(414915ff1ef60e24bab70c01ce1ff14d) Importer(815301076,1909f56bfc062723c751e8b465ee728b)
Start importing Assets/VoiceRecognition.cs using Guid(414915ff1ef60e24bab70c01ce1ff14d) Importer(815301076,1909f56bfc062723c751e8b465ee728b)  -> (artifact id: '0a53ffe471765c2008559ac7bda1f747') in 0.006258 seconds 
  Import took 0.010265 seconds .

========================================================================
Received Prepare
Registering precompiled user dll's ...
Registered in 0.012639 seconds.
Begin MonoManager ReloadAssembly
Native extension for WindowsStandalone target not found
Refreshing native plugins compatible for Editor in 1.81 ms, found 11 plugins.
Preloading 1 native plugins for Editor in 0.10 ms.
Mono: successfully reloaded assembly
- Completed reload, in  0.915 seconds
Domain Reload Profiling:
	ReloadAssembly (915ms)
		BeginReloadAssembly (102ms)
			ExecutionOrderSort (0ms)
			DisableScriptedObjects (3ms)
			BackupInstance (0ms)
			ReleaseScriptingObjects (0ms)
			CreateAndSetChildDomain (27ms)
		EndReloadAssembly (757ms)
			LoadAssemblies (83ms)
			RebuildTransferFunctionScriptingTraits (0ms)
			SetupTypeCache (270ms)
			ReleaseScriptCaches (1ms)
			RebuildScriptCaches (36ms)
			SetupLoadedEditorAssemblies (281ms)
				LogAssemblyErrors (0ms)
				InitializePlatformSupportModulesInManaged (4ms)
				SetLoadedEditorAssemblies (0ms)
				RefreshPlugins (2ms)
				BeforeProcessingInitializeOnLoad (80ms)
				ProcessInitializeOnLoadAttributes (179ms)
				ProcessInitializeOnLoadMethodAttributes (10ms)
				AfterProcessingInitializeOnLoad (5ms)
				EditorAssembliesLoaded (0ms)
			ExecutionOrderSort2 (0ms)
			AwakeInstancesAfterBackupRestoration (5ms)
Platform modules already initialized, skipping
Shader 'Oculus/OVRMRCameraFrameLit': fallback shader 'Alpha-Diffuse' not found
Refreshing native plugins compatible for Editor in 1.11 ms, found 11 plugins.
Preloading 1 native plugins for Editor in 0.06 ms.
Unloading 2635 Unused Serialized files (Serialized files now loaded: 0)
System memory in use before: 115.0 MB.
System memory in use after: 115.3 MB.

Unloading 97 unused Assets to reduce memory usage. Loaded Objects now: 3091.
Total: 2.559600 ms (FindLiveObjects: 0.192800 ms CreateObjectMapping: 0.101000 ms MarkObjects: 2.232700 ms  DeleteObjects: 0.032200 ms)

AssetImportParameters requested are different than current active one (requested -> active):
  custom:framework-win-MediaFoundation: 216162199b28c13a410421893ffa2e32 -> 
  custom:video-decoder-ogg-theora: a1e56fd34408186e4bbccfd4996cb3dc -> 
  custom:container-muxer-webm: aa71ff27fc2769a1b78a27578f13a17b -> 
  custom:container-demuxer-webm: 4f35f7cbe854078d1ac9338744f61a02 -> 
  custom:container-demuxer-ogg: 62fdf1f143b41e24485cea50d1cbac27 -> 
  custom:video-encoder-webm-vp8: eb34c28f22e8b96e1ab97ce403110664 -> 
  custom:video-codec-MediaFoundation-h265: 746d11721c4dcdbdad8f713fa42b33f4 -> 
  custom:video-decoder-webm-vp8: 9c59270c3fd7afecdb556c50c9e8de78 -> 
  custom:audio-decoder-ogg-vorbis: bf7c407c2cedff20999df2af8eb42d56 -> 
  custom:audio-encoder-webm-vorbis: bf7c407c2cedff20999df2af8eb42d56 -> 
========================================================================
Received Import Request.
  Time since last request: 53.739379 seconds.
  path: Assets/VoiceRecognition.cs
  artifactKey: Guid(414915ff1ef60e24bab70c01ce1ff14d) Importer(815301076,1909f56bfc062723c751e8b465ee728b)
Start importing Assets/VoiceRecognition.cs using Guid(414915ff1ef60e24bab70c01ce1ff14d) Importer(815301076,1909f56bfc062723c751e8b465ee728b)  -> (artifact id: 'dcc857af9839451bfcfc9081e871d40c') in 0.005528 seconds 
  Import took 0.009524 seconds .

========================================================================
Received Prepare
Registering precompiled user dll's ...
Registered in 0.012756 seconds.
Begin MonoManager ReloadAssembly
Native extension for WindowsStandalone target not found
Refreshing native plugins compatible for Editor in 1.21 ms, found 11 plugins.
Preloading 1 native plugins for Editor in 0.07 ms.
Mono: successfully reloaded assembly
- Completed reload, in  0.943 seconds
Domain Reload Profiling:
	ReloadAssembly (943ms)
		BeginReloadAssembly (102ms)
			ExecutionOrderSort (0ms)
			DisableScriptedObjects (3ms)
			BackupInstance (0ms)
			ReleaseScriptingObjects (0ms)
			CreateAndSetChildDomain (29ms)
		EndReloadAssembly (781ms)
			LoadAssemblies (80ms)
			RebuildTransferFunctionScriptingTraits (0ms)
			SetupTypeCache (289ms)
			ReleaseScriptCaches (1ms)
			RebuildScriptCaches (34ms)
			SetupLoadedEditorAssemblies (281ms)
				LogAssemblyErrors (0ms)
				InitializePlatformSupportModulesInManaged (4ms)
				SetLoadedEditorAssemblies (0ms)
				RefreshPlugins (1ms)
				BeforeProcessingInitializeOnLoad (75ms)
				ProcessInitializeOnLoadAttributes (182ms)
				ProcessInitializeOnLoadMethodAttributes (12ms)
				AfterProcessingInitializeOnLoad (6ms)
				EditorAssembliesLoaded (0ms)
			ExecutionOrderSort2 (0ms)
			AwakeInstancesAfterBackupRestoration (7ms)
Platform modules already initialized, skipping
Shader 'Oculus/OVRMRCameraFrameLit': fallback shader 'Alpha-Diffuse' not found
Refreshing native plugins compatible for Editor in 1.13 ms, found 11 plugins.
Preloading 1 native plugins for Editor in 0.06 ms.
Unloading 2635 Unused Serialized files (Serialized files now loaded: 0)
System memory in use before: 115.1 MB.
System memory in use after: 115.3 MB.

Unloading 97 unused Assets to reduce memory usage. Loaded Objects now: 3094.
Total: 3.046700 ms (FindLiveObjects: 0.218300 ms CreateObjectMapping: 0.118500 ms MarkObjects: 2.656100 ms  DeleteObjects: 0.052600 ms)

AssetImportParameters requested are different than current active one (requested -> active):
  custom:framework-win-MediaFoundation: 216162199b28c13a410421893ffa2e32 -> 
  custom:video-decoder-ogg-theora: a1e56fd34408186e4bbccfd4996cb3dc -> 
  custom:container-muxer-webm: aa71ff27fc2769a1b78a27578f13a17b -> 
  custom:container-demuxer-webm: 4f35f7cbe854078d1ac9338744f61a02 -> 
  custom:container-demuxer-ogg: 62fdf1f143b41e24485cea50d1cbac27 -> 
  custom:video-encoder-webm-vp8: eb34c28f22e8b96e1ab97ce403110664 -> 
  custom:video-codec-MediaFoundation-h265: 746d11721c4dcdbdad8f713fa42b33f4 -> 
  custom:video-decoder-webm-vp8: 9c59270c3fd7afecdb556c50c9e8de78 -> 
  custom:audio-decoder-ogg-vorbis: bf7c407c2cedff20999df2af8eb42d56 -> 
  custom:audio-encoder-webm-vorbis: bf7c407c2cedff20999df2af8eb42d56 -> 
========================================================================
Received Import Request.
  Time since last request: 23.490112 seconds.
  path: Assets/Resources/key.txt
  artifactKey: Guid(995c07c8bae00c541aa1a64b854c20fb) Importer(815301076,1909f56bfc062723c751e8b465ee728b)
Start importing Assets/Resources/key.txt using Guid(995c07c8bae00c541aa1a64b854c20fb) Importer(815301076,1909f56bfc062723c751e8b465ee728b)  -> (artifact id: '8387875da9d327837128ee829a23c367') in 0.028935 seconds 
  Import took 0.032558 seconds .

========================================================================
Received Import Request.
  Time since last request: 32.423080 seconds.
  path: Assets/Kaike/Packages
  artifactKey: Guid(d281bdc3b352f7849a584147a0eab765) Importer(815301076,1909f56bfc062723c751e8b465ee728b)
Start importing Assets/Kaike/Packages using Guid(d281bdc3b352f7849a584147a0eab765) Importer(815301076,1909f56bfc062723c751e8b465ee728b)  -> (artifact id: '74704793cd364f828866ec81b01b037f') in 0.006871 seconds 
  Import took 0.011147 seconds .

========================================================================
Received Import Request.
  Time since last request: 5.487334 seconds.
  path: Assets/Kaike/Prefabs
  artifactKey: Guid(de26012d6cb3422448b20e291a9f65f4) Importer(815301076,1909f56bfc062723c751e8b465ee728b)
Start importing Assets/Kaike/Prefabs using Guid(de26012d6cb3422448b20e291a9f65f4) Importer(815301076,1909f56bfc062723c751e8b465ee728b)  -> (artifact id: '9d616df4484ee68a68df668ba178ca19') in 0.002706 seconds 
  Import took 0.007003 seconds .

========================================================================
Received Import Request.
  Time since last request: 5.701770 seconds.
  path: Assets/Kaike/Scripts
  artifactKey: Guid(7a934f4af2a62d947ac4bf3d8253895b) Importer(815301076,1909f56bfc062723c751e8b465ee728b)
Start importing Assets/Kaike/Scripts using Guid(7a934f4af2a62d947ac4bf3d8253895b) Importer(815301076,1909f56bfc062723c751e8b465ee728b)  -> (artifact id: 'b2f8228d363a33f9cbb1e75b878f1330') in 0.006559 seconds 
  Import took 0.010220 seconds .

========================================================================
Received Import Request.
  Time since last request: 6.055797 seconds.
  path: Assets/Kaike/Sounds
  artifactKey: Guid(93132c1e08cef0448bda4dae11f7dda5) Importer(815301076,1909f56bfc062723c751e8b465ee728b)
Start importing Assets/Kaike/Sounds using Guid(93132c1e08cef0448bda4dae11f7dda5) Importer(815301076,1909f56bfc062723c751e8b465ee728b)  -> (artifact id: '603dc37a5c8e71f1f5d985172280bceb') in 0.006130 seconds 
  Import took 0.010599 seconds .

========================================================================
Received Import Request.
  Time since last request: 27.472187 seconds.
  path: Assets/Kaike/Sounds/New Folder
  artifactKey: Guid(f91e37883b171fc438702121a3f25ec5) Importer(815301076,1909f56bfc062723c751e8b465ee728b)
Start importing Assets/Kaike/Sounds/New Folder using Guid(f91e37883b171fc438702121a3f25ec5) Importer(815301076,1909f56bfc062723c751e8b465ee728b)  -> (artifact id: 'b8409d1757b4b154f24665bcc349c85f') in 0.005953 seconds 
  Import took 0.011161 seconds .

========================================================================
Received Import Request.
  Time since last request: 13.693624 seconds.
  path: Assets/Kaike/Audio
  artifactKey: Guid(93132c1e08cef0448bda4dae11f7dda5) Importer(815301076,1909f56bfc062723c751e8b465ee728b)
Start importing Assets/Kaike/Audio using Guid(93132c1e08cef0448bda4dae11f7dda5) Importer(815301076,1909f56bfc062723c751e8b465ee728b)  -> (artifact id: 'fe3d3c4a03acb502587c1673e9b56c78') in 0.007118 seconds 
  Import took 0.011638 seconds .

========================================================================
Received Import Request.
  Time since last request: 6.837662 seconds.
  path: Assets/Sven/Audio
  artifactKey: Guid(6ac0c839f05b4324484c3e5475a2bff6) Importer(815301076,1909f56bfc062723c751e8b465ee728b)
Start importing Assets/Sven/Audio using Guid(6ac0c839f05b4324484c3e5475a2bff6) Importer(815301076,1909f56bfc062723c751e8b465ee728b)  -> (artifact id: '995da3b5a736a7cec49127cccc6924a9') in 0.002968 seconds 
  Import took 0.007081 seconds .

========================================================================
Received Import Request.
  Time since last request: 6.971486 seconds.
  path: Assets/Sven/Prefabs
  artifactKey: Guid(c79f976d6390e2e4398b5c079ada6305) Importer(815301076,1909f56bfc062723c751e8b465ee728b)
Start importing Assets/Sven/Prefabs using Guid(c79f976d6390e2e4398b5c079ada6305) Importer(815301076,1909f56bfc062723c751e8b465ee728b)  -> (artifact id: '84bc50aa1c58b41b1ac3585eb055555d') in 0.002678 seconds 
  Import took 0.006708 seconds .

========================================================================
Received Import Request.
  Time since last request: 5.320143 seconds.
  path: Assets/Sven/Scripts
  artifactKey: Guid(01f489a11be486b4b8331ee15077c74a) Importer(815301076,1909f56bfc062723c751e8b465ee728b)
Start importing Assets/Sven/Scripts using Guid(01f489a11be486b4b8331ee15077c74a) Importer(815301076,1909f56bfc062723c751e8b465ee728b)  -> (artifact id: 'dd69465cb57b27e2af737595fa9743ff') in 0.006114 seconds 
  Import took 0.010138 seconds .

========================================================================
Received Prepare
Registering precompiled user dll's ...
Registered in 0.013922 seconds.
Begin MonoManager ReloadAssembly
Native extension for WindowsStandalone target not found
Refreshing native plugins compatible for Editor in 1.06 ms, found 11 plugins.
Preloading 1 native plugins for Editor in 0.06 ms.
Mono: successfully reloaded assembly
- Completed reload, in  0.929 seconds
Domain Reload Profiling:
	ReloadAssembly (930ms)
		BeginReloadAssembly (102ms)
			ExecutionOrderSort (0ms)
			DisableScriptedObjects (4ms)
			BackupInstance (0ms)
			ReleaseScriptingObjects (0ms)
			CreateAndSetChildDomain (28ms)
		EndReloadAssembly (770ms)
			LoadAssemblies (84ms)
			RebuildTransferFunctionScriptingTraits (0ms)
			SetupTypeCache (295ms)
			ReleaseScriptCaches (1ms)
			RebuildScriptCaches (36ms)
			SetupLoadedEditorAssemblies (261ms)
				LogAssemblyErrors (0ms)
				InitializePlatformSupportModulesInManaged (4ms)
				SetLoadedEditorAssemblies (0ms)
				RefreshPlugins (1ms)
				BeforeProcessingInitializeOnLoad (71ms)
				ProcessInitializeOnLoadAttributes (169ms)
				ProcessInitializeOnLoadMethodAttributes (10ms)
				AfterProcessingInitializeOnLoad (6ms)
				EditorAssembliesLoaded (0ms)
			ExecutionOrderSort2 (0ms)
			AwakeInstancesAfterBackupRestoration (5ms)
Platform modules already initialized, skipping
Shader 'Oculus/OVRMRCameraFrameLit': fallback shader 'Alpha-Diffuse' not found
Refreshing native plugins compatible for Editor in 1.26 ms, found 11 plugins.
Preloading 1 native plugins for Editor in 0.06 ms.
Unloading 2635 Unused Serialized files (Serialized files now loaded: 0)
System memory in use before: 115.1 MB.
System memory in use after: 115.3 MB.

Unloading 97 unused Assets to reduce memory usage. Loaded Objects now: 3097.
Total: 2.410600 ms (FindLiveObjects: 0.186000 ms CreateObjectMapping: 0.116700 ms MarkObjects: 2.077500 ms  DeleteObjects: 0.029800 ms)

AssetImportParameters requested are different than current active one (requested -> active):
  custom:framework-win-MediaFoundation: 216162199b28c13a410421893ffa2e32 -> 
  custom:video-decoder-ogg-theora: a1e56fd34408186e4bbccfd4996cb3dc -> 
  custom:container-muxer-webm: aa71ff27fc2769a1b78a27578f13a17b -> 
  custom:container-demuxer-webm: 4f35f7cbe854078d1ac9338744f61a02 -> 
  custom:container-demuxer-ogg: 62fdf1f143b41e24485cea50d1cbac27 -> 
  custom:video-encoder-webm-vp8: eb34c28f22e8b96e1ab97ce403110664 -> 
  custom:video-codec-MediaFoundation-h265: 746d11721c4dcdbdad8f713fa42b33f4 -> 
  custom:video-decoder-webm-vp8: 9c59270c3fd7afecdb556c50c9e8de78 -> 
  custom:audio-decoder-ogg-vorbis: bf7c407c2cedff20999df2af8eb42d56 -> 
  custom:audio-encoder-webm-vorbis: bf7c407c2cedff20999df2af8eb42d56 -> 
========================================================================
Received Prepare
Registering precompiled user dll's ...
Registered in 0.011620 seconds.
Begin MonoManager ReloadAssembly
Native extension for WindowsStandalone target not found
Refreshing native plugins compatible for Editor in 1.80 ms, found 11 plugins.
Preloading 1 native plugins for Editor in 0.06 ms.
Mono: successfully reloaded assembly
- Completed reload, in  0.935 seconds
Domain Reload Profiling:
	ReloadAssembly (935ms)
		BeginReloadAssembly (96ms)
			ExecutionOrderSort (0ms)
			DisableScriptedObjects (3ms)
			BackupInstance (0ms)
			ReleaseScriptingObjects (0ms)
			CreateAndSetChildDomain (27ms)
		EndReloadAssembly (777ms)
			LoadAssemblies (81ms)
			RebuildTransferFunctionScriptingTraits (0ms)
			SetupTypeCache (281ms)
			ReleaseScriptCaches (1ms)
			RebuildScriptCaches (34ms)
			SetupLoadedEditorAssemblies (285ms)
				LogAssemblyErrors (0ms)
				InitializePlatformSupportModulesInManaged (5ms)
				SetLoadedEditorAssemblies (1ms)
				RefreshPlugins (2ms)
				BeforeProcessingInitializeOnLoad (85ms)
				ProcessInitializeOnLoadAttributes (176ms)
				ProcessInitializeOnLoadMethodAttributes (11ms)
				AfterProcessingInitializeOnLoad (5ms)
				EditorAssembliesLoaded (0ms)
			ExecutionOrderSort2 (0ms)
			AwakeInstancesAfterBackupRestoration (6ms)
Platform modules already initialized, skipping
Shader 'Oculus/OVRMRCameraFrameLit': fallback shader 'Alpha-Diffuse' not found
Refreshing native plugins compatible for Editor in 1.30 ms, found 11 plugins.
Preloading 1 native plugins for Editor in 0.08 ms.
Unloading 2635 Unused Serialized files (Serialized files now loaded: 0)
System memory in use before: 115.1 MB.
System memory in use after: 115.3 MB.

Unloading 97 unused Assets to reduce memory usage. Loaded Objects now: 3100.
Total: 2.818100 ms (FindLiveObjects: 0.237600 ms CreateObjectMapping: 0.152000 ms MarkObjects: 2.386800 ms  DeleteObjects: 0.040600 ms)

AssetImportParameters requested are different than current active one (requested -> active):
  custom:framework-win-MediaFoundation: 216162199b28c13a410421893ffa2e32 -> 
  custom:video-decoder-ogg-theora: a1e56fd34408186e4bbccfd4996cb3dc -> 
  custom:container-muxer-webm: aa71ff27fc2769a1b78a27578f13a17b -> 
  custom:container-demuxer-webm: 4f35f7cbe854078d1ac9338744f61a02 -> 
  custom:container-demuxer-ogg: 62fdf1f143b41e24485cea50d1cbac27 -> 
  custom:video-encoder-webm-vp8: eb34c28f22e8b96e1ab97ce403110664 -> 
  custom:video-codec-MediaFoundation-h265: 746d11721c4dcdbdad8f713fa42b33f4 -> 
  custom:video-decoder-webm-vp8: 9c59270c3fd7afecdb556c50c9e8de78 -> 
  custom:audio-decoder-ogg-vorbis: bf7c407c2cedff20999df2af8eb42d56 -> 
  custom:audio-encoder-webm-vorbis: bf7c407c2cedff20999df2af8eb42d56 -> 
========================================================================
Received Prepare
Registering precompiled user dll's ...
Registered in 0.011428 seconds.
Begin MonoManager ReloadAssembly
Native extension for WindowsStandalone target not found
Refreshing native plugins compatible for Editor in 1.19 ms, found 11 plugins.
Preloading 1 native plugins for Editor in 0.06 ms.
Mono: successfully reloaded assembly
- Completed reload, in  0.906 seconds
Domain Reload Profiling:
	ReloadAssembly (906ms)
		BeginReloadAssembly (94ms)
			ExecutionOrderSort (0ms)
			DisableScriptedObjects (4ms)
			BackupInstance (0ms)
			ReleaseScriptingObjects (0ms)
			CreateAndSetChildDomain (27ms)
		EndReloadAssembly (755ms)
			LoadAssemblies (84ms)
			RebuildTransferFunctionScriptingTraits (0ms)
			SetupTypeCache (288ms)
			ReleaseScriptCaches (1ms)
			RebuildScriptCaches (35ms)
			SetupLoadedEditorAssemblies (257ms)
				LogAssemblyErrors (0ms)
				InitializePlatformSupportModulesInManaged (4ms)
				SetLoadedEditorAssemblies (0ms)
				RefreshPlugins (1ms)
				BeforeProcessingInitializeOnLoad (70ms)
				ProcessInitializeOnLoadAttributes (167ms)
				ProcessInitializeOnLoadMethodAttributes (10ms)
				AfterProcessingInitializeOnLoad (5ms)
				EditorAssembliesLoaded (0ms)
			ExecutionOrderSort2 (0ms)
			AwakeInstancesAfterBackupRestoration (5ms)
Platform modules already initialized, skipping
Shader 'Oculus/OVRMRCameraFrameLit': fallback shader 'Alpha-Diffuse' not found
Refreshing native plugins compatible for Editor in 1.14 ms, found 11 plugins.
Preloading 1 native plugins for Editor in 0.07 ms.
Unloading 2635 Unused Serialized files (Serialized files now loaded: 0)
System memory in use before: 115.1 MB.
System memory in use after: 115.3 MB.

Unloading 97 unused Assets to reduce memory usage. Loaded Objects now: 3103.
Total: 2.569000 ms (FindLiveObjects: 0.190800 ms CreateObjectMapping: 0.118000 ms MarkObjects: 2.221000 ms  DeleteObjects: 0.038400 ms)

AssetImportParameters requested are different than current active one (requested -> active):
  custom:framework-win-MediaFoundation: 216162199b28c13a410421893ffa2e32 -> 
  custom:video-decoder-ogg-theora: a1e56fd34408186e4bbccfd4996cb3dc -> 
  custom:container-muxer-webm: aa71ff27fc2769a1b78a27578f13a17b -> 
  custom:container-demuxer-webm: 4f35f7cbe854078d1ac9338744f61a02 -> 
  custom:container-demuxer-ogg: 62fdf1f143b41e24485cea50d1cbac27 -> 
  custom:video-encoder-webm-vp8: eb34c28f22e8b96e1ab97ce403110664 -> 
  custom:video-codec-MediaFoundation-h265: 746d11721c4dcdbdad8f713fa42b33f4 -> 
  custom:video-decoder-webm-vp8: 9c59270c3fd7afecdb556c50c9e8de78 -> 
  custom:audio-decoder-ogg-vorbis: bf7c407c2cedff20999df2af8eb42d56 -> 
  custom:audio-encoder-webm-vorbis: bf7c407c2cedff20999df2af8eb42d56 -> 
========================================================================
Received Import Request.
  Time since last request: 78.222210 seconds.
  path: Assets/Resources/key.txt
  artifactKey: Guid(995c07c8bae00c541aa1a64b854c20fb) Importer(815301076,1909f56bfc062723c751e8b465ee728b)
Start importing Assets/Resources/key.txt using Guid(995c07c8bae00c541aa1a64b854c20fb) Importer(815301076,1909f56bfc062723c751e8b465ee728b)  -> (artifact id: '4cc4236f35b4a779a14b3228e7c8421c') in 0.023808 seconds 
  Import took 0.027457 seconds .

AssetImportWorkerClient::OnTransportError - code=2 error=End of file
